This is e-pTeX, Version 3.14159265-p3.6-141210-2.6 (utf8.euc) (TeX Live 2015/Debian) (preloaded format=platex 2016.3.26)  15 JUL 2016 11:53
entering extended mode
 restricted \write18 enabled.
 %&-line parsing enabled.
**QuantumPhys.tex
(./QuantumPhys.tex
pLaTeX2e <2006/11/10> (based on LaTeX2e <2015/01/01> patch level 0)
Babel <3.9m> and hyphenation patterns for 79 languages loaded.
(/usr/share/texlive/texmf-dist/tex/platex/base/jreport.cls
Document Class: jreport 2006/06/27 v1.6 Standard pLaTeX class
\c@@paper=\count81
(/usr/share/texlive/texmf-dist/tex/platex/base/jsize10.clo
File: jsize10.clo 2006/06/27 v1.6 Standard pLaTeX file (size option)
)
\c@part=\count82
\c@chapter=\count83
\c@section=\count84
\c@subsection=\count85
\c@subsubsection=\count86
\c@paragraph=\count87
\c@subparagraph=\count88
\c@figure=\count89
\c@table=\count90
\abovecaptionskip=\skip41
\belowcaptionskip=\skip42
\symmincho=\mathgroup4
LaTeX Font Info:    Overwriting symbol font `mincho' in version `bold'
(Font)                  JY1/mc/m/n --> JY1/gt/m/n on input line 677.
\toclineskip=\dimen118
\@lnumwidth=\dimen119
\bibindent=\dimen120
\heisei=\count91
)
(/home/jabberwocky/.macro.tex
(/usr/share/texlive/texmf-dist/tex/latex/amsmath/amsmath.sty
Package: amsmath 2013/01/14 v2.14 AMS math features
\@mathmargin=\skip43

For additional information on amsmath, use the `?' option.
(/usr/share/texlive/texmf-dist/tex/latex/amsmath/amstext.sty
Package: amstext 2000/06/29 v2.01

(/usr/share/texlive/texmf-dist/tex/latex/amsmath/amsgen.sty
File: amsgen.sty 1999/11/30 v2.0
\@emptytoks=\toks15
\ex@=\dimen121
))
(/usr/share/texlive/texmf-dist/tex/latex/amsmath/amsbsy.sty
Package: amsbsy 1999/11/29 v1.2d
\pmbraise@=\dimen122
)
(/usr/share/texlive/texmf-dist/tex/latex/amsmath/amsopn.sty
Package: amsopn 1999/12/14 v2.01 operator names
)
\inf@bad=\count92
LaTeX Info: Redefining \frac on input line 210.
\uproot@=\count93
\leftroot@=\count94
LaTeX Info: Redefining \overline on input line 306.
\classnum@=\count95
\DOTSCASE@=\count96
LaTeX Info: Redefining \ldots on input line 378.
LaTeX Info: Redefining \dots on input line 381.
LaTeX Info: Redefining \cdots on input line 466.
\Mathstrutbox@=\box41
\strutbox@=\box42
\big@size=\dimen123
LaTeX Font Info:    Redeclaring font encoding OML on input line 566.
LaTeX Font Info:    Redeclaring font encoding OMS on input line 567.
\macc@depth=\count97
\c@MaxMatrixCols=\count98
\dotsspace@=\muskip10
\c@parentequation=\count99
\dspbrk@lvl=\count100
\tag@help=\toks16
\row@=\count101
\column@=\count102
\maxfields@=\count103
\andhelp@=\toks17
\eqnshift@=\dimen124
\alignsep@=\dimen125
\tagshift@=\dimen126
\tagwidth@=\dimen127
\totwidth@=\dimen128
\lineht@=\dimen129
\@envbody=\toks18
\multlinegap=\skip44
\multlinetaggap=\skip45
\mathdisplay@stack=\toks19
LaTeX Info: Redefining \[ on input line 2665.
LaTeX Info: Redefining \] on input line 2666.
)
(/usr/share/texlive/texmf-dist/tex/latex/amsfonts/amssymb.sty
Package: amssymb 2013/01/14 v3.01 AMS font symbols

(/usr/share/texlive/texmf-dist/tex/latex/amsfonts/amsfonts.sty
Package: amsfonts 2013/01/14 v3.01 Basic AMSFonts support
\symAMSa=\mathgroup5
\symAMSb=\mathgroup6
LaTeX Font Info:    Overwriting math alphabet `\mathfrak' in version `bold'
(Font)                  U/euf/m/n --> U/euf/b/n on input line 106.
))
(/usr/share/texlive/texmf-dist/tex/latex/comment/comment.sty
\CommentStream=\write3

Excluding comment 'comment')
(/usr/share/texlive/texmf-dist/tex/latex/tools/bm.sty
Package: bm 2014/10/28 v1.1c Bold Symbol Support (DPC/FMi)
\symboldoperators=\mathgroup7
\symboldletters=\mathgroup8
\symboldsymbols=\mathgroup9
\symboldmincho=\mathgroup10
LaTeX Font Info:    Redeclaring math alphabet \mathbf on input line 141.
LaTeX Info: Redefining \bm on input line 207.
)
(/usr/share/texlive/texmf-dist/tex/latex/graphics/graphicx.sty
Package: graphicx 2014/10/28 v1.0g Enhanced LaTeX Graphics (DPC,SPQR)

(/usr/share/texlive/texmf-dist/tex/latex/graphics/keyval.sty
Package: keyval 2014/10/28 v1.15 key=value parser (DPC)
\KV@toks@=\toks20
)
(/usr/share/texlive/texmf-dist/tex/latex/graphics/graphics.sty
Package: graphics 2014/10/28 v1.0p Standard LaTeX Graphics (DPC,SPQR)

(/usr/share/texlive/texmf-dist/tex/latex/graphics/trig.sty
Package: trig 1999/03/16 v1.09 sin cos tan (DPC)
)
(/usr/share/texlive/texmf-dist/tex/latex/latexconfig/graphics.cfg
File: graphics.cfg 2010/04/23 v1.9 graphics configuration of TeX Live
)
Package graphics Info: Driver file: dvipdfmx.def on input line 94.

(/usr/share/texlive/texmf-dist/tex/latex/dvipdfmx-def/dvipdfmx.def
File: dvipdfmx.def 2015/03/26 v4.04 LaTeX color/graphics driver for dvipdfmx (T
eX Live/ChoF)
))
\Gin@req@height=\dimen130
\Gin@req@width=\dimen131
)
(/usr/share/texlive/texmf-dist/tex/platex/base/ascmac.sty
(/usr/share/texlive/texmf-dist/tex/platex/base/tascmac.sty
\@savetbaselineshift=\dimen132
\@saveybaselineshift=\dimen133
\scb@x=\box43
\scscb@x=\box44
\@bw=\dimen134
\@nbox=\box45
\@nbody=\box46
\@scw=\dimen135
\@itemh=\dimen136
\@iboxpos=\toks21
\@iboxstr=\box47
\@bwsp=\box48
\@@bwsp=\box49
\@bcal=\count104
\shaderule=\dimen137
))
(/usr/share/texlive/texmf-dist/tex/latex/graphics/color.sty
Package: color 2014/10/28 v1.1a Standard LaTeX Color (DPC)

(/usr/share/texlive/texmf-dist/tex/latex/latexconfig/color.cfg
File: color.cfg 2007/01/18 v1.5 color configuration of teTeX/TeXLive
)
Package color Info: Driver file: dvips.def on input line 142.

(/usr/share/texlive/texmf-dist/tex/latex/graphics/dvips.def
File: dvips.def 2014/10/14 v3.0j Driver-dependent file (DPC,SPQR)
)
(/usr/share/texlive/texmf-dist/tex/latex/graphics/dvipsnam.def
File: dvipsnam.def 2014/10/14 v3.0j Driver-dependent file (DPC,SPQR)
))
(/usr/share/texlive/texmf-dist/tex/latex/braket/braket.sty)
(/usr/share/texlive/texmf-dist/tex/latex/bigints/bigints.sty
Package: bigints 2010/02/15 Writing big integrals
Package bigints Info: This is Bigints by Merciadri Luca. on input line 5.
)
(/usr/share/texlive/texmf-dist/tex/latex/cite/cite.sty
LaTeX Info: Redefining \cite on input line 302.
LaTeX Info: Redefining \nocite on input line 332.
Package: cite 2015/02/27  v 5.5
)
(/usr/share/texlive/texmf-dist/tex/latex/physics/physics.sty
Package: physics 

(/usr/share/texlive/texmf-dist/tex/latex/l3packages/xparse/xparse.sty
(/usr/share/texlive/texmf-dist/tex/latex/l3kernel/expl3.sty
Package: expl3 2015/06/15 v5630 L3 programming layer (loader) 

(/usr/share/texlive/texmf-dist/tex/latex/l3kernel/expl3-code.tex
Package: expl3 2015/06/15 v5630 L3 programming layer (code) 
L3 Module: l3bootstrap 2015/05/20 v5608 L3 Bootstrap code
L3 Module: l3names 2015/02/24 v5535 L3 Namespace for primitives
L3 Module: l3basics 2015/01/27 v5500 L3 Basic definitions
L3 Module: l3expan 2014/11/27 v5472 L3 Argument expansion
L3 Module: l3tl 2015/01/27 v5500 L3 Token lists
L3 Module: l3str 2015/03/01 v5545 L3 Strings
L3 Module: l3seq 2014/08/23 v5354 L3 Sequences and stacks
L3 Module: l3int 2015/02/21 v5529 L3 Integers
\c_max_int=\count105
\l_tmpa_int=\count106
\l_tmpb_int=\count107
\g_tmpa_int=\count108
\g_tmpb_int=\count109
L3 Module: l3quark 2014/08/23 v5354 L3 Quarks
L3 Module: l3prg 2015/04/13 v5566 L3 Control structures
\g__prg_map_int=\count110
L3 Module: l3clist 2014/08/23 v5354 L3 Comma separated lists
L3 Module: l3token 2014/09/15 v5422 L3 Experimental token manipulation
L3 Module: l3prop 2014/08/23 v5354 L3 Property lists
L3 Module: l3msg 2015/02/26 v5537 L3 Messages
L3 Module: l3file 2015/06/07 v5627 L3 File and I/O operations
\l_iow_line_count_int=\count111
\l__iow_target_count_int=\count112
\l__iow_current_line_int=\count113
\l__iow_current_word_int=\count114
\l__iow_current_indentation_int=\count115
L3 Module: l3skip 2015/05/18 v5607 L3 Dimensions and skips
\c_zero_dim=\dimen138
\c_max_dim=\dimen139
\l_tmpa_dim=\dimen140
\l_tmpb_dim=\dimen141
\g_tmpa_dim=\dimen142
\g_tmpb_dim=\dimen143
\c_zero_skip=\skip46
\c_max_skip=\skip47
\l_tmpa_skip=\skip48
\l_tmpb_skip=\skip49
\g_tmpa_skip=\skip50
\g_tmpb_skip=\skip51
\c_zero_muskip=\muskip11
\c_max_muskip=\muskip12
\l_tmpa_muskip=\muskip13
\l_tmpb_muskip=\muskip14
\g_tmpa_muskip=\muskip15
\g_tmpb_muskip=\muskip16
L3 Module: l3keys 2015/06/14 v5629 L3 Key-value interfaces
\g__keyval_level_int=\count116
\l_keys_choice_int=\count117
L3 Module: l3fp 2014/08/22 v5336 L3 Floating points
\c__fp_leading_shift_int=\count118
\c__fp_middle_shift_int=\count119
\c__fp_trailing_shift_int=\count120
\c__fp_big_leading_shift_int=\count121
\c__fp_big_middle_shift_int=\count122
\c__fp_big_trailing_shift_int=\count123
\c__fp_Bigg_leading_shift_int=\count124
\c__fp_Bigg_middle_shift_int=\count125
\c__fp_Bigg_trailing_shift_int=\count126
L3 Module: l3box 2014/08/23 v5354 L3 Experimental boxes
\c_empty_box=\box50
\l_tmpa_box=\box51
\l_tmpb_box=\box52
\g_tmpa_box=\box53
\g_tmpb_box=\box54
L3 Module: l3coffins 2014/08/23 v5354 L3 Coffin code layer
\l__coffin_internal_box=\box55
\l__coffin_internal_dim=\dimen144
\l__coffin_offset_x_dim=\dimen145
\l__coffin_offset_y_dim=\dimen146
\l__coffin_x_dim=\dimen147
\l__coffin_y_dim=\dimen148
\l__coffin_x_prime_dim=\dimen149
\l__coffin_y_prime_dim=\dimen150
\c_empty_coffin=\box56
\l__coffin_aligned_coffin=\box57
\l__coffin_aligned_internal_coffin=\box58
\l_tmpa_coffin=\box59
\l_tmpb_coffin=\box60
\l__coffin_display_coffin=\box61
\l__coffin_display_coord_coffin=\box62
\l__coffin_display_pole_coffin=\box63
\l__coffin_display_offset_dim=\dimen151
\l__coffin_display_x_dim=\dimen152
\l__coffin_display_y_dim=\dimen153
L3 Module: l3color 2014/08/23 v5354 L3 Experimental color support
L3 Module: l3candidates 2015/05/21 v5613 L3 Experimental additions to l3kernel
\l__box_top_dim=\dimen154
\l__box_bottom_dim=\dimen155
\l__box_left_dim=\dimen156
\l__box_right_dim=\dimen157
\l__box_top_new_dim=\dimen158
\l__box_bottom_new_dim=\dimen159
\l__box_left_new_dim=\dimen160
\l__box_right_new_dim=\dimen161
\l__box_internal_box=\box64
\l__coffin_bounding_shift_dim=\dimen162
\l__coffin_left_corner_dim=\dimen163
\l__coffin_right_corner_dim=\dimen164
\l__coffin_bottom_corner_dim=\dimen165
\l__coffin_top_corner_dim=\dimen166
\l__coffin_scaled_total_height_dim=\dimen167
\l__coffin_scaled_width_dim=\dimen168
)
(/usr/share/texlive/texmf-dist/tex/latex/l3kernel/l3unicode-data.def
File: l3unicode-data.def 2015/03/01 v5544 L3 Unicode data
)
(/usr/share/texlive/texmf-dist/tex/latex/l3kernel/l3dvips.def
File: l3dvips.def 2015/05/21 v5613 L3 Experimental driver: dvips
))
Package: xparse 2015/06/15 v5630 L3 Experimental document command parser
\l__xparse_current_arg_int=\count127
\l__xparse_m_args_int=\count128
\l__xparse_mandatory_args_int=\count129
\l__xparse_processor_int=\count130
\l__xparse_v_nesting_int=\count131
)
.................................................
. LaTeX info: "xparse/define-command"
. 
. Defining command \vnabla with sig. '' on line 25.
.................................................
.................................................
. LaTeX info: "xparse/define-command"
. 
. Defining command \varE with sig. '' on line 29.
.................................................
.................................................
. LaTeX info: "xparse/define-command"
. 
. Defining command \ordersymbol with sig. '' on line 30.
.................................................
.................................................
. LaTeX info: "xparse/define-command"
. 
. Defining command \lparen with sig. '' on line 31.
.................................................
.................................................
. LaTeX info: "xparse/define-command"
. 
. Defining command \rparen with sig. '' on line 32.
.................................................
.................................................
. LaTeX info: "xparse/define-command"
. 
. Defining command \quantity with sig. '' on line 35.
.................................................
.................................................
. LaTeX info: "xparse/define-command"
. 
. Defining command \@quantity with sig. ' t\big t\Big t\bigg t\Bigg g o d()
. d|| ' on line 62.
.................................................
.................................................
. LaTeX info: "xparse/define-command"
. 
. Defining command \qty with sig. '' on line 63.
.................................................
.................................................
. LaTeX info: "xparse/define-command"
. 
. Defining command \pqty with sig. ' l m ' on line 64.
.................................................
.................................................
. LaTeX info: "xparse/define-command"
. 
. Defining command \bqty with sig. ' l m ' on line 65.
.................................................
.................................................
. LaTeX info: "xparse/define-command"
. 
. Defining command \Bqty with sig. ' l m ' on line 66.
.................................................
.................................................
. LaTeX info: "xparse/define-command"
. 
. Defining command \vqty with sig. ' l m ' on line 67.
.................................................
.................................................
. LaTeX info: "xparse/define-command"
. 
. Defining command \pmqty with sig. 'm' on line 70.
.................................................
.................................................
. LaTeX info: "xparse/define-command"
. 
. Defining command \Pmqty with sig. 'm' on line 71.
.................................................
.................................................
. LaTeX info: "xparse/define-command"
. 
. Defining command \bmqty with sig. 'm' on line 72.
.................................................
.................................................
. LaTeX info: "xparse/define-command"
. 
. Defining command \vmqty with sig. 'm' on line 73.
.................................................
.................................................
. LaTeX info: "xparse/define-command"
. 
. Defining command \matrixquantity with sig. '' on line 74.
.................................................
.................................................
. LaTeX info: "xparse/define-command"
. 
. Defining command \@matrixquantity with sig. ' s g o d() d|| ' on line 100.
.................................................
.................................................
. LaTeX info: "xparse/define-command"
. 
. Defining command \mqty with sig. '' on line 101.
.................................................
.................................................
. LaTeX info: "xparse/define-command"
. 
. Defining command \matrixdeterminant with sig. 'm' on line 102.
.................................................
.................................................
. LaTeX info: "xparse/define-command"
. 
. Defining command \mdet with sig. '' on line 103.
.................................................
.................................................
. LaTeX info: "xparse/define-command"
. 
. Defining command \spmqty with sig. 'm' on line 105.
.................................................
.................................................
. LaTeX info: "xparse/define-command"
. 
. Defining command \sPmqty with sig. 'm' on line 106.
.................................................
.................................................
. LaTeX info: "xparse/define-command"
. 
. Defining command \sbmqty with sig. 'm' on line 107.
.................................................
.................................................
. LaTeX info: "xparse/define-command"
. 
. Defining command \svmqty with sig. 'm' on line 108.
.................................................
.................................................
. LaTeX info: "xparse/define-command"
. 
. Defining command \smallmatrixquantity with sig. ' s g o d() d|| ' on line
. 133.
.................................................
.................................................
. LaTeX info: "xparse/define-command"
. 
. Defining command \smqty with sig. '' on line 134.
.................................................
.................................................
. LaTeX info: "xparse/define-command"
. 
. Defining command \smallmatrixdeterminant with sig. 'm' on line 135.
.................................................
.................................................
. LaTeX info: "xparse/define-command"
. 
. Defining command \smdet with sig. '' on line 136.
.................................................
.................................................
. LaTeX info: "xparse/define-command"
. 
. Defining command \argopen with sig. 's' on line 138.
.................................................
.................................................
. LaTeX info: "xparse/define-command"
. 
. Defining command \argclose with sig. 's' on line 139.
.................................................
.................................................
. LaTeX info: "xparse/define-command"
. 
. Defining command \braces with sig. '' on line 141.
.................................................
.................................................
. LaTeX info: "xparse/define-command"
. 
. Defining command \@braces with sig. ' s t\big t\Big t\bigg t\Bigg m m m ' on
. line 156.
.................................................
.................................................
. LaTeX info: "xparse/define-command"
. 
. Defining command \fbraces with sig. ' s t\big t\Big t\bigg t\Bigg m m m m '
. on line 174.
.................................................
.................................................
. LaTeX info: "xparse/define-command"
. 
. Defining command \absolutevalue with sig. ' l m ' on line 176.
.................................................
.................................................
. LaTeX info: "xparse/define-command"
. 
. Defining command \abs with sig. '' on line 177.
.................................................
.................................................
. LaTeX info: "xparse/define-command"
. 
. Defining command \norm with sig. ' l m ' on line 178.
.................................................
.................................................
. LaTeX info: "xparse/define-command"
. 
. Defining command \order with sig. ' l m ' on line 179.
.................................................
.................................................
. LaTeX info: "xparse/define-command"
. 
. Defining command \evaluated with sig. ' s g d[| d(| ' on line 194.
.................................................
.................................................
. LaTeX info: "xparse/define-command"
. 
. Defining command \eval with sig. '' on line 195.
.................................................
.................................................
. LaTeX info: "xparse/define-command"
. 
. Defining command \poissonbracket with sig. ' l m m ' on line 197.
.................................................
.................................................
. LaTeX info: "xparse/define-command"
. 
. Defining command \pb with sig. '' on line 198.
.................................................
.................................................
. LaTeX info: "xparse/define-command"
. 
. Defining command \commutator with sig. ' l m m ' on line 201.
.................................................
.................................................
. LaTeX info: "xparse/define-command"
. 
. Defining command \comm with sig. '' on line 202.
.................................................
.................................................
. LaTeX info: "xparse/define-command"
. 
. Defining command \anticommutator with sig. ' l m m ' on line 203.
.................................................
.................................................
. LaTeX info: "xparse/define-command"
. 
. Defining command \acommutator with sig. '' on line 204.
.................................................
.................................................
. LaTeX info: "xparse/define-command"
. 
. Defining command \acomm with sig. '' on line 205.
.................................................
.................................................
. LaTeX info: "xparse/define-command"
. 
. Defining command \vectorbold with sig. ' s m ' on line 208.
.................................................
.................................................
. LaTeX info: "xparse/define-command"
. 
. Defining command \vb with sig. '' on line 209.
.................................................
.................................................
. LaTeX info: "xparse/define-command"
. 
. Defining command \vectorarrow with sig. ' s m ' on line 211.
.................................................
.................................................
. LaTeX info: "xparse/define-command"
. 
. Defining command \va with sig. '' on line 212.
.................................................
.................................................
. LaTeX info: "xparse/define-command"
. 
. Defining command \vectorunit with sig. ' s m ' on line 214.
.................................................
.................................................
. LaTeX info: "xparse/define-command"
. 
. Defining command \vu with sig. '' on line 215.
.................................................
.................................................
. LaTeX info: "xparse/define-command"
. 
. Defining command \dotproduct with sig. '' on line 217.
.................................................
.................................................
. LaTeX info: "xparse/define-command"
. 
. Defining command \vdot with sig. '' on line 218.
.................................................
.................................................
. LaTeX info: "xparse/define-command"
. 
. Defining command \crossproduct with sig. '' on line 220.
.................................................
.................................................
. LaTeX info: "xparse/define-command"
. 
. Defining command \cross with sig. '' on line 221.
.................................................
.................................................
. LaTeX info: "xparse/define-command"
. 
. Defining command \cp with sig. '' on line 222.
.................................................
.................................................
. LaTeX info: "xparse/define-command"
. 
. Defining command \gradient with sig. ' g o d() ' on line 232.
.................................................
.................................................
. LaTeX info: "xparse/define-command"
. 
. Defining command \grad with sig. '' on line 233.
.................................................
.................................................
. LaTeX info: "xparse/define-command"
. 
. Defining command \divergence with sig. ' g o d() ' on line 243.
.................................................
.................................................
. LaTeX info: "xparse/define-command"
. 
. Defining command \div with sig. '' on line 246.
.................................................
.................................................
. LaTeX info: "xparse/define-command"
. 
. Defining command \curl with sig. ' g o d() ' on line 256.
.................................................
.................................................
. LaTeX info: "xparse/define-command"
. 
. Defining command \laplacian with sig. ' g o d() ' on line 266.
.................................................
.................................................
. LaTeX info: "xparse/define-command"
. 
. Defining command \principalvalue with sig. 'g' on line 274.
.................................................
.................................................
. LaTeX info: "xparse/define-command"
. 
. Defining command \pv with sig. '' on line 275.
.................................................
.................................................
. LaTeX info: "xparse/define-command"
. 
. Defining command \PV with sig. 'g' on line 276.
.................................................
.................................................
. LaTeX info: "xparse/redefine-command"
. 
. Redefining command \Re with sig. 'g' on line 277.
.................................................
.................................................
. LaTeX info: "xparse/redefine-command"
. 
. Redefining command \Im with sig. 'g' on line 278.
.................................................
.................................................
. LaTeX info: "xparse/define-command"
. 
. Defining command \opbraces with sig. ' m g o d() ' on line 299.
.................................................
.................................................
. LaTeX info: "xparse/define-command"
. 
. Defining command \trigbraces with sig. ' m o d() ' on line 305.
.................................................
.................................................
. LaTeX info: "xparse/redefine-command"
. 
. Redefining command \sin with sig. '' on line 309.
.................................................
.................................................
. LaTeX info: "xparse/redefine-command"
. 
. Redefining command \cos with sig. '' on line 310.
.................................................
.................................................
. LaTeX info: "xparse/redefine-command"
. 
. Redefining command \tan with sig. '' on line 311.
.................................................
.................................................
. LaTeX info: "xparse/redefine-command"
. 
. Redefining command \csc with sig. '' on line 312.
.................................................
.................................................
. LaTeX info: "xparse/redefine-command"
. 
. Redefining command \sec with sig. '' on line 313.
.................................................
.................................................
. LaTeX info: "xparse/redefine-command"
. 
. Redefining command \cot with sig. '' on line 314.
.................................................
.................................................
. LaTeX info: "xparse/redefine-command"
. 
. Redefining command \arcsin with sig. '' on line 316.
.................................................
.................................................
. LaTeX info: "xparse/redefine-command"
. 
. Redefining command \arccos with sig. '' on line 317.
.................................................
.................................................
. LaTeX info: "xparse/redefine-command"
. 
. Redefining command \arctan with sig. '' on line 318.
.................................................
.................................................
. LaTeX info: "xparse/define-command"
. 
. Defining command \arccsc with sig. '' on line 320.
.................................................
.................................................
. LaTeX info: "xparse/define-command"
. 
. Defining command \arcsec with sig. '' on line 322.
.................................................
.................................................
. LaTeX info: "xparse/define-command"
. 
. Defining command \arccot with sig. '' on line 324.
.................................................
.................................................
. LaTeX info: "xparse/define-command"
. 
. Defining command \asin with sig. '' on line 327.
.................................................
.................................................
. LaTeX info: "xparse/define-command"
. 
. Defining command \acos with sig. '' on line 329.
.................................................
.................................................
. LaTeX info: "xparse/define-command"
. 
. Defining command \atan with sig. '' on line 331.
.................................................
.................................................
. LaTeX info: "xparse/define-command"
. 
. Defining command \acsc with sig. '' on line 333.
.................................................
.................................................
. LaTeX info: "xparse/define-command"
. 
. Defining command \asec with sig. '' on line 335.
.................................................
.................................................
. LaTeX info: "xparse/define-command"
. 
. Defining command \acot with sig. '' on line 337.
.................................................
.................................................
. LaTeX info: "xparse/redefine-command"
. 
. Redefining command \sinh with sig. '' on line 339.
.................................................
.................................................
. LaTeX info: "xparse/redefine-command"
. 
. Redefining command \cosh with sig. '' on line 340.
.................................................
.................................................
. LaTeX info: "xparse/redefine-command"
. 
. Redefining command \tanh with sig. '' on line 341.
.................................................
.................................................
. LaTeX info: "xparse/define-command"
. 
. Defining command \csch with sig. '' on line 343.
.................................................
.................................................
. LaTeX info: "xparse/define-command"
. 
. Defining command \sech with sig. '' on line 345.
.................................................
.................................................
. LaTeX info: "xparse/redefine-command"
. 
. Redefining command \coth with sig. '' on line 346.
.................................................
.................................................
. LaTeX info: "xparse/redefine-command"
. 
. Redefining command \exp with sig. '' on line 348.
.................................................
.................................................
. LaTeX info: "xparse/redefine-command"
. 
. Redefining command \log with sig. '' on line 349.
.................................................
.................................................
. LaTeX info: "xparse/redefine-command"
. 
. Redefining command \ln with sig. '' on line 350.
.................................................
.................................................
. LaTeX info: "xparse/redefine-command"
. 
. Redefining command \det with sig. '' on line 351.
.................................................
.................................................
. LaTeX info: "xparse/redefine-command"
. 
. Redefining command \Pr with sig. '' on line 352.
.................................................
.................................................
. LaTeX info: "xparse/define-command"
. 
. Defining command \tr with sig. '' on line 353.
.................................................
.................................................
. LaTeX info: "xparse/define-command"
. 
. Defining command \Tr with sig. '' on line 354.
.................................................
.................................................
. LaTeX info: "xparse/define-command"
. 
. Defining command \Res with sig. '' on line 355.
.................................................
.................................................
. LaTeX info: "xparse/define-command"
. 
. Defining command \qqtext with sig. ' s m ' on line 377.
.................................................
.................................................
. LaTeX info: "xparse/define-command"
. 
. Defining command \qq with sig. '' on line 378.
.................................................
.................................................
. LaTeX info: "xparse/define-command"
. 
. Defining command \qcomma with sig. '' on line 380.
.................................................
.................................................
. LaTeX info: "xparse/define-command"
. 
. Defining command \qc with sig. '' on line 381.
.................................................
.................................................
. LaTeX info: "xparse/define-command"
. 
. Defining command \qif with sig. 's' on line 383.
.................................................
.................................................
. LaTeX info: "xparse/define-command"
. 
. Defining command \qthen with sig. 's' on line 384.
.................................................
.................................................
. LaTeX info: "xparse/define-command"
. 
. Defining command \qelse with sig. 's' on line 385.
.................................................
.................................................
. LaTeX info: "xparse/define-command"
. 
. Defining command \qotherwise with sig. 's' on line 386.
.................................................
.................................................
. LaTeX info: "xparse/define-command"
. 
. Defining command \qunless with sig. 's' on line 387.
.................................................
.................................................
. LaTeX info: "xparse/define-command"
. 
. Defining command \qgiven with sig. 's' on line 388.
.................................................
.................................................
. LaTeX info: "xparse/define-command"
. 
. Defining command \qusing with sig. 's' on line 389.
.................................................
.................................................
. LaTeX info: "xparse/define-command"
. 
. Defining command \qassume with sig. 's' on line 390.
.................................................
.................................................
. LaTeX info: "xparse/define-command"
. 
. Defining command \qsince with sig. 's' on line 391.
.................................................
.................................................
. LaTeX info: "xparse/define-command"
. 
. Defining command \qlet with sig. 's' on line 392.
.................................................
.................................................
. LaTeX info: "xparse/define-command"
. 
. Defining command \qfor with sig. 's' on line 393.
.................................................
.................................................
. LaTeX info: "xparse/define-command"
. 
. Defining command \qall with sig. 's' on line 394.
.................................................
.................................................
. LaTeX info: "xparse/define-command"
. 
. Defining command \qeven with sig. 's' on line 395.
.................................................
.................................................
. LaTeX info: "xparse/define-command"
. 
. Defining command \qodd with sig. 's' on line 396.
.................................................
.................................................
. LaTeX info: "xparse/define-command"
. 
. Defining command \qinteger with sig. 's' on line 397.
.................................................
.................................................
. LaTeX info: "xparse/define-command"
. 
. Defining command \qand with sig. 's' on line 398.
.................................................
.................................................
. LaTeX info: "xparse/define-command"
. 
. Defining command \qor with sig. 's' on line 399.
.................................................
.................................................
. LaTeX info: "xparse/define-command"
. 
. Defining command \qas with sig. 's' on line 400.
.................................................
.................................................
. LaTeX info: "xparse/define-command"
. 
. Defining command \qin with sig. 's' on line 401.
.................................................
.................................................
. LaTeX info: "xparse/define-command"
. 
. Defining command \qcc with sig. 's' on line 402.
.................................................
.................................................
. LaTeX info: "xparse/define-command"
. 
. Defining command \differential with sig. ' o g d() ' on line 415.
.................................................
.................................................
. LaTeX info: "xparse/define-command"
. 
. Defining command \dd with sig. '' on line 416.
.................................................
.................................................
. LaTeX info: "xparse/define-command"
. 
. Defining command \derivative with sig. ' s o m g d() ' on line 435.
.................................................
.................................................
. LaTeX info: "xparse/define-command"
. 
. Defining command \dv with sig. '' on line 436.
.................................................
.................................................
. LaTeX info: "xparse/define-command"
. 
. Defining command \partialderivative with sig. ' s o m g g d() ' on line 460.
.................................................
.................................................
. LaTeX info: "xparse/define-command"
. 
. Defining command \pderivative with sig. '' on line 461.
.................................................
.................................................
. LaTeX info: "xparse/define-command"
. 
. Defining command \pdv with sig. '' on line 462.
.................................................
.................................................
. LaTeX info: "xparse/define-command"
. 
. Defining command \variation with sig. ' o g d() ' on line 474.
.................................................
.................................................
. LaTeX info: "xparse/define-command"
. 
. Defining command \var with sig. '' on line 475.
.................................................
.................................................
. LaTeX info: "xparse/define-command"
. 
. Defining command \functionalderivative with sig. ' s o m g d() ' on line
. 494.
.................................................
.................................................
. LaTeX info: "xparse/define-command"
. 
. Defining command \fderivative with sig. '' on line 495.
.................................................
.................................................
. LaTeX info: "xparse/define-command"
. 
. Defining command \fdv with sig. '' on line 496.
.................................................
.................................................
. LaTeX info: "xparse/redefine-command"
. 
. Redefining command \bra with sig. ' s m t\ket s g ' on line 526.
.................................................
.................................................
. LaTeX info: "xparse/redefine-command"
. 
. Redefining command \ket with sig. ' s m ' on line 533.
.................................................
.................................................
. LaTeX info: "xparse/define-command"
. 
. Defining command \innerproduct with sig. ' s m g ' on line 548.
.................................................
.................................................
. LaTeX info: "xparse/redefine-command"
. 
. Redefining command \braket with sig. '' on line 549.
.................................................
.................................................
. LaTeX info: "xparse/define-command"
. 
. Defining command \ip with sig. '' on line 550.
.................................................
.................................................
. LaTeX info: "xparse/define-command"
. 
. Defining command \outerproduct with sig. ' s m g ' on line 565.
.................................................
.................................................
. LaTeX info: "xparse/define-command"
. 
. Defining command \dyad with sig. '' on line 566.
.................................................
.................................................
. LaTeX info: "xparse/define-command"
. 
. Defining command \op with sig. '' on line 567.
.................................................
.................................................
. LaTeX info: "xparse/define-command"
. 
. Defining command \ketbra with sig. '' on line 568.
.................................................
.................................................
. LaTeX info: "xparse/define-command"
. 
. Defining command \expectationvalue with sig. ' s s m g ' on line 587.
.................................................
.................................................
. LaTeX info: "xparse/define-command"
. 
. Defining command \expval with sig. '' on line 588.
.................................................
.................................................
. LaTeX info: "xparse/define-command"
. 
. Defining command \ev with sig. '' on line 589.
.................................................
.................................................
. LaTeX info: "xparse/define-command"
. 
. Defining command \vev with sig. ' m ' on line 590.
.................................................
.................................................
. LaTeX info: "xparse/define-command"
. 
. Defining command \matrixelement with sig. ' s s m m m ' on line 601.
.................................................
.................................................
. LaTeX info: "xparse/define-command"
. 
. Defining command \matrixel with sig. '' on line 602.
.................................................
.................................................
. LaTeX info: "xparse/define-command"
. 
. Defining command \mel with sig. '' on line 603.
.................................................
.................................................
. LaTeX info: "xparse/define-command"
. 
. Defining command \identitymatrix with sig. 'm' on line 633.
.................................................
.................................................
. LaTeX info: "xparse/define-command"
. 
. Defining command \imat with sig. '' on line 634.
.................................................
.................................................
. LaTeX info: "xparse/define-command"
. 
. Defining command \xmatrix with sig. ' s m m m ' on line 659.
.................................................
.................................................
. LaTeX info: "xparse/define-command"
. 
. Defining command \xmat with sig. '' on line 660.
.................................................
.................................................
. LaTeX info: "xparse/define-command"
. 
. Defining command \zeromatrix with sig. ' m g ' on line 662.
.................................................
.................................................
. LaTeX info: "xparse/define-command"
. 
. Defining command \zmat with sig. '' on line 663.
.................................................
.................................................
. LaTeX info: "xparse/define-command"
. 
. Defining command \paulixmatrix with sig. '' on line 665.
.................................................
.................................................
. LaTeX info: "xparse/define-command"
. 
. Defining command \pauliymatrix with sig. '' on line 666.
.................................................
.................................................
. LaTeX info: "xparse/define-command"
. 
. Defining command \paulizmatrix with sig. '' on line 667.
.................................................
.................................................
. LaTeX info: "xparse/define-command"
. 
. Defining command \paulimatrix with sig. 'm' on line 678.
.................................................
.................................................
. LaTeX info: "xparse/define-command"
. 
. Defining command \pmat with sig. '' on line 679.
.................................................
.................................................
. LaTeX info: "xparse/define-command"
. 
. Defining command \diagonalmatrix with sig. 'O{} >{\SplitList {,}}m ' on line
. 681.
.................................................
.................................................
. LaTeX info: "xparse/define-command"
. 
. Defining command \@dmat with sig. 'mmggggggg' on line 714.
.................................................
.................................................
. LaTeX info: "xparse/define-command"
. 
. Defining command \dmat with sig. '' on line 715.
.................................................
.................................................
. LaTeX info: "xparse/define-command"
. 
. Defining command \antidiagonalmatrix with sig. 'O{} >{\SplitList {,}}m ' on
. line 717.
.................................................
.................................................
. LaTeX info: "xparse/define-command"
. 
. Defining command \@admat with sig. 'mmggggggg' on line 750.
.................................................
.................................................
. LaTeX info: "xparse/define-command"
. 
. Defining command \admat with sig. '' on line 751.
.................................................
.................................................
. LaTeX info: "xparse/define-command"
. 
. Defining command \flatfrac with sig. ' m m ' on line 754.
.................................................
.................................................
. LaTeX info: "xparse/define-command"
. 
. Defining command \homework with sig. '' on line 764.
.................................................
)
(/usr/share/texlive/texmf-dist/tex/latex/wick/wick.sty
\@bgncnt=\count132
\@endcnt=\count133
\@h@ight=\count134
\TempCount=\count135
\@tempdimc=\dimen169
\@tempdimd=\dimen170
\fixh@ight=\dimen171
\h@ight=\dimen172
\w@dth=\dimen173
)
(/usr/share/texlive/texmf-dist/tex/latex/geometry/geometry.sty
Package: geometry 2010/09/12 v5.6 Page Geometry

(/usr/share/texlive/texmf-dist/tex/generic/oberdiek/ifpdf.sty
Package: ifpdf 2011/01/30 v2.3 Provides the ifpdf switch (HO)
Package ifpdf Info: pdfTeX in PDF mode is not detected.
)
(/usr/share/texlive/texmf-dist/tex/generic/oberdiek/ifvtex.sty
Package: ifvtex 2010/03/01 v1.5 Detect VTeX and its facilities (HO)
Package ifvtex Info: VTeX not detected.
)
(/usr/share/texlive/texmf-dist/tex/generic/ifxetex/ifxetex.sty
Package: ifxetex 2010/09/12 v0.6 Provides ifxetex conditional
)
\Gm@cnth=\count136
\Gm@cntv=\count137
\c@Gm@tempcnt=\count138
\Gm@bindingoffset=\dimen174
\Gm@wd@mp=\dimen175
\Gm@odd@mp=\dimen176
\Gm@even@mp=\dimen177
\Gm@layoutwidth=\dimen178
\Gm@layoutheight=\dimen179
\Gm@layouthoffset=\dimen180
\Gm@layoutvoffset=\dimen181
\Gm@dimlist=\toks22
)
(/usr/share/texlive/texmf-dist/tex/latex/listings/listings.sty
\lst@mode=\count139
\lst@gtempboxa=\box65
\lst@token=\toks23
\lst@length=\count140
\lst@currlwidth=\dimen182
\lst@column=\count141
\lst@pos=\count142
\lst@lostspace=\dimen183
\lst@width=\dimen184
\lst@newlines=\count143
\lst@lineno=\count144
\lst@maxwidth=\dimen185

(/usr/share/texlive/texmf-dist/tex/latex/listings/lstmisc.sty
File: lstmisc.sty 2015/06/04 1.6 (Carsten Heinz)
\c@lstnumber=\count145
\lst@skipnumbers=\count146
\lst@framebox=\box66
)
(/usr/share/texlive/texmf-dist/tex/latex/listings/listings.cfg
File: listings.cfg 2015/06/04 1.6 listings configuration
))
Package: listings 2015/06/04 1.6 (Carsten Heinz)
)

LaTeX Warning: Unused global option(s):
    [10.5pt].

(./QuantumPhys.aux

LaTeX Warning: Label `R2' multiply defined.


LaTeX Warning: Label `fig1' multiply defined.


LaTeX Warning: Label `fig2' multiply defined.


LaTeX Warning: Label `fig1' multiply defined.


LaTeX Warning: Label `fig2' multiply defined.


LaTeX Warning: Label `equiliblium' multiply defined.


LaTeX Warning: Label `fig1' multiply defined.


LaTeX Warning: Label `fig2' multiply defined.


LaTeX Warning: Label `fig2' multiply defined.


LaTeX Warning: Label `particle' multiply defined.


LaTeX Warning: Label `L' multiply defined.

)
\openout1 = `QuantumPhys.aux'.

LaTeX Font Info:    Checking defaults for OML/cmm/m/it on input line 19.
LaTeX Font Info:    ... okay on input line 19.
LaTeX Font Info:    Checking defaults for T1/cmr/m/n on input line 19.
LaTeX Font Info:    ... okay on input line 19.
LaTeX Font Info:    Checking defaults for OT1/cmr/m/n on input line 19.
LaTeX Font Info:    ... okay on input line 19.
LaTeX Font Info:    Checking defaults for OMS/cmsy/m/n on input line 19.
LaTeX Font Info:    ... okay on input line 19.
LaTeX Font Info:    Checking defaults for OMX/cmex/m/n on input line 19.
LaTeX Font Info:    ... okay on input line 19.
LaTeX Font Info:    Checking defaults for U/cmr/m/n on input line 19.
LaTeX Font Info:    ... okay on input line 19.
LaTeX Font Info:    Checking defaults for JY1/mc/m/n on input line 19.
LaTeX Font Info:    ... okay on input line 19.
LaTeX Font Info:    Checking defaults for JT1/mc/m/n on input line 19.
LaTeX Font Info:    ... okay on input line 19.

*geometry* driver: auto-detecting
*geometry* detected driver: dvips
*geometry* verbose mode - [ preamble ] result:
* driver: dvips
* paper: a4paper
* layout: <same size as paper>
* layoutoffset:(h,v)=(0.0pt,0.0pt)
* modes: 
* h-part:(L,W,R)=(56.9055pt, 483.69687pt, 56.9055pt)
* v-part:(T,H,B)=(71.13188pt, 702.78308pt, 71.13188pt)
* \paperwidth=597.50787pt
* \paperheight=845.04684pt
* \textwidth=483.69687pt
* \textheight=702.78308pt
* \oddsidemargin=-15.36449pt
* \evensidemargin=-15.36449pt
* \topmargin=-38.1381pt
* \headheight=12.0pt
* \headsep=25.0pt
* \topskip=7.77588pt
* \footskip=30.0pt
* \marginparwidth=106.0pt
* \marginparsep=10.0pt
* \columnsep=10.0pt
* \skip\footins=9.0pt plus 4.0pt minus 2.0pt
* \hoffset=0.0pt
* \voffset=0.0pt
* \mag=1000
* \@twocolumnfalse
* \@twosidefalse
* \@mparswitchfalse
* \@reversemarginfalse
* (1in=72.27pt=25.4mm, 1cm=28.453pt)

\c@lstlisting=\count147
LaTeX Font Info:    Try loading font information for U+msa on input line 20.
(/usr/share/texlive/texmf-dist/tex/latex/amsfonts/umsa.fd
File: umsa.fd 2013/01/14 v3.01 AMS symbols A
)
LaTeX Font Info:    Try loading font information for U+msb on input line 20.

(/usr/share/texlive/texmf-dist/tex/latex/amsfonts/umsb.fd
File: umsb.fd 2013/01/14 v3.01 AMS symbols B
)

LaTeX Warning: No \author given.

[1

]
LaTeX Font Info:    Font shape `JT1/mc/bx/n' in size <20.74> not available
(Font)              Font shape `JT1/gt/m/n' tried instead on input line 23.
LaTeX Font Info:    Font shape `JY1/mc/bx/n' in size <20.74> not available
(Font)              Font shape `JY1/gt/m/n' tried instead on input line 23.
 (./QuantumPhys.toc
LaTeX Font Info:    Font shape `JT1/mc/bx/n' in size <10> not available
(Font)              Font shape `JT1/gt/m/n' tried instead on input line 2.
LaTeX Font Info:    Font shape `JY1/mc/bx/n' in size <10> not available
(Font)              Font shape `JY1/gt/m/n' tried instead on input line 2.
 [1

] [2] [3] [4] [5])
\tf@toc=\write4
\openout4 = `QuantumPhys.toc'.

LaTeX Font Info:    Font shape `JT1/mc/bx/n' in size <14.4> not available
(Font)              Font shape `JT1/gt/m/n' tried instead on input line 24.
LaTeX Font Info:    Font shape `JY1/mc/bx/n' in size <14.4> not available
(Font)              Font shape `JY1/gt/m/n' tried instead on input line 24.
 [6]
 1 
LaTeX Font Info:    Font shape `JT1/mc/bx/n' in size <12> not available
(Font)              Font shape `JT1/gt/m/n' tried instead on input line 29.
LaTeX Font Info:    Font shape `JY1/mc/bx/n' in size <12> not available
(Font)              Font shape `JY1/gt/m/n' tried instead on input line 29.
[7

] [8] [9] [10]
LaTeX Font Info:    Try loading font information for OMS+cmr on input line 171.

 (/usr/share/texlive/texmf-dist/tex/latex/base/omscmr.fd
File: omscmr.fd 2014/09/29 v2.5h Standard LaTeX font definitions
)
LaTeX Font Info:    Font shape `OMS/cmr/m/n' in size <10> not available
(Font)              Font shape `OMS/cmsy/m/n' tried instead on input line 171.

[11]
LaTeX Font Info:    Font shape `JT1/mc/bx/n' in size <8> not available
(Font)              Font shape `JT1/gt/m/n' tried instead on input line 210.
LaTeX Font Info:    Font shape `JY1/mc/bx/n' in size <8> not available
(Font)              Font shape `JY1/gt/m/n' tried instead on input line 210.
 [12] [13] [14] [15] [16]
 2 
[17

] [18] [19] [20]
File: ./EPS/figure1new.eps Graphic file (type eps)
 <./EPS/figure1new.eps>
File: ./EPS/figure2new.eps Graphic file (type eps)
 <./EPS/figure2new.eps> [21] [22]
[23]
 3 
[24

] [25] [26] [27] [28]
File: ./EPS/newdiagram1.eps Graphic file (type eps)
 <./EPS/newdiagram1.eps>
File: ./EPS/newdiagram2.eps Graphic file (type eps)
 <./EPS/newdiagram2.eps>
Overfull \hbox (2.22221pt too wide) in paragraph at lines 839--851
[]$[]$ $[]$ 
 []

[29] [30]
 4 
[31

] [32]
 5 
[33

] [34]
File: ./EPS/figure3new.eps Graphic file (type eps)
 <./EPS/figure3new.eps> [35] [36] [37] [38] [39]
File: ./EPS/fig1.eps Graphic file (type eps)
 <./EPS/fig1.eps>
File: ./EPS/fig2.eps Graphic file (type eps)

<./EPS/fig2.eps>
Overfull \hbox (2.22221pt too wide) in paragraph at lines 1272--1284
[]$[]$ $[]$ 
 []

[40] [41] [42] [43]
 6 
Excluding 'comment' comment. [44

] [45] [46]
File: ./EPS/wave_packet.eps Graphic file (type eps)
 <./EPS/wave_packet.eps>
File: ./EPS/wigner_function.eps Graphic file (type eps)

<./EPS/wigner_function.eps> [47]
 7 
[48

] [49] [50] [51] [52]
Overfull \hbox (11.47632pt too wide) in paragraph at lines 1743--1744
\JY1/mc/m/n/10 \OT1/cmr/m/n/10 . \JY1/mc/m/n/10  $\OM
L/cmm/m/it/10 G\OT1/cmr/m/n/10 (\OML/cmm/m/it/10 x\OT1/cmr/m/n/10 [1]\OML/cmm/m
/it/10 ; \OMS/cmsy/m/n/10 ^^@\OML/cmm/m/it/10 i^^\\OT1/cmr/m/n/10 ; \OML/cmm/m/
it/10 x\OT1/cmr/m/n/10 [1]\OML/cmm/m/it/10 ; \OT1/cmr/m/n/10 0)\OML/cmm/m/it/10
 ; G\OT1/cmr/m/n/10 (\OML/cmm/m/it/10 x\OT1/cmr/m/n/10 [2]\OML/cmm/m/it/10 ; \O
MS/cmsy/m/n/10 ^^@\OML/cmm/m/it/10 i^^\\OT1/cmr/m/n/10 ; \OML/cmm/m/it/10 x\OT1
/cmr/m/n/10 [2]\OML/cmm/m/it/10 ; \OT1/cmr/m/n/10 0)\OML/cmm/m/it/10 ; G\OT1/cm
r/m/n/10 (\OML/cmm/m/it/10 x\OT1/cmr/m/n/10 [3]\OML/cmm/m/it/10 ; \OMS/cmsy/m/n
/10 ^^@\OML/cmm/m/it/10 i^^\\OT1/cmr/m/n/10 ; \OML/cmm/m/it/10 x\OT1/cmr/m/n/10
 [3]\OML/cmm/m/it/10 ; \OT1/cmr/m/n/10 0)\OML/cmm/m/it/10 ; :::G\OT1/cmr/m/n/10
 (\OML/cmm/m/it/10 x\OT1/cmr/m/n/10 [\OML/cmm/m/it/10 N \OMS/cmsy/m/n/10 ^^@ \O
T1/cmr/m/n/10 1]\OML/cmm/m/it/10 ; \OMS/cmsy/m/n/10 ^^@\OML/cmm/m/it/10 i^^\\OT
1/cmr/m/n/10 ; \OML/cmm/m/it/10 x\OT1/cmr/m/n/10 [\OML/cmm/m/it/10 N \OMS/cmsy/
m/n/10 ^^@
 []


LaTeX Font Warning: Font shape `JT1/mc/m/it' undefined
(Font)              using `JT1/mc/m/n' instead on input line 1753.


LaTeX Font Warning: Font shape `JY1/mc/m/it' undefined
(Font)              using `JY1/mc/m/n' instead on input line 1753.

[53]
 8 
[54

] [55] [56]
File: ./EPS/spin.eps Graphic file (type eps)
 <./EPS/spin.eps>
File: ./EPS/magnetization.eps Graphic file (type eps)
 <./EPS/magnetization.eps>
File: ./EPS/specificheat.eps Graphic file (type eps)

<./EPS/specificheat.eps> [57]
File: ./EPS/Dai.eps Graphic file (type eps)
 <./EPS/Dai.eps> [58]
 9 
[59

] [60] [61] [62] [63] [64] [65] [66] [67] [68] [69]
 10 
[70

] [71] [72] [73] [74] [75] [76] [77] [78] [79] [80]
File: ./EPS/Q2.eps Graphic file (type eps)
 <./EPS/Q2.eps>
File: ./EPS/P2.eps Graphic file (type eps)

<./EPS/P2.eps> [81]
 11 
[82

] Excluding 'comment' comment. [83] [84]
Overfull \hbox (7.43954pt too wide) in paragraph at lines 3032--3034
\JY1/mc/m/n/10 \OT1/cmr/m/n/10 , \JY1/mc/m/n/10 
\OT1/cmr/m/n/10 . \JY1/mc/m/n/10  \OT1/cmr/m/n/10 Schr^^?odinger \JY1
/mc/m/n/10 \OT1/cmr/m/n/10 , $\OML/cmm/m/it/10 A\OT1/cm
r/m/n/10 (\OML/cmm/m/it/10 s\OT1/cmr/m/n/10 ) \OMS/cmsy/m/n/10 ! \OML/cmm/m/it/
10 e[]Ae[]$
 []

[85] [86] [87]
Overfull \hbox (22.96971pt too wide) in alignment at lines 3146--3165
 [][][] []
 []

[88]
Overfull \hbox (15.19191pt too wide) in alignment at lines 3169--3188
 [][][] []
 []

[89] [90]
 12 
Excluding 'comment' comment. [91

] [92] Excluding 'comment' comment. [93]
[94] Excluding 'comment' comment. [95]
Overfull \hbox (2.2519pt too wide) in paragraph at lines 3456--3457
[]$[]$ 
 []

[96]
Overfull \hbox (13.83665pt too wide) in alignment at lines 3479--3488
 [][][] []
 []

[97] [98] [99]
File: ./EPS/self-consistent_new2.eps Graphic file (type eps)
 <./EPS/self-consistent_new2.eps> Excluding 'comment' comment.
Overfull \hbox (3.52794pt too wide) in paragraph at lines 3600--3606
[]$[]$ 
 []

[100]
 13 
[101

] [102] [103] [104] [105] [106] [107] [108] [109] [110] [111] [112]
[113] [114] [115]
Overfull \hbox (4.84538pt too wide) in alignment at lines 4197--4204
 [][][] []
 []


Overfull \hbox (34.22165pt too wide) in alignment at lines 4206--4208
 [][][] []
 []

[116] [117]
 14 
[118

] [119] (./QuantumPhys.aux)

LaTeX Font Warning: Some font shapes were not available, defaults substituted.


LaTeX Warning: There were multiply-defined labels.

 ) 
Here is how much of TeX's memory you used:
 10482 strings out of 493777
 181566 string characters out of 6153104
 249268 words of memory out of 5000000
 13851 multiletter control sequences out of 15000+600000
 27957 words of font info for 109 fonts, out of 8000000 for 9000
 929 hyphenation exceptions out of 8191
 47i,21n,55p,10437b,370s stack positions out of 5000i,500n,10000p,200000b,80000s

Output written on QuantumPhys.dvi (120 pages, 723548 bytes).
